# JRE version: Java(TM) SE Runtime Environment 18.9 (11.0.15.1+2) (build 11.0.15.1+2-LTS-10)
# Java VM: Java HotSpot(TM) 64-Bit Server VM 18.9 (11.0.15.1+2-LTS-10, mixed mode, tiered, compressed oops, g1 gc, windows-amd64)
Heap:
 garbage-first heap   total 65536K, used 15814K [0x00000000c1800000, 0x0000000100000000)
  region size 1024K, 10 young (10240K), 2 survivors (2048K)
 Metaspace       used 23953K, capacity 24504K, committed 24832K, reserved 1071104K
  class space    used 2539K, capacity 2731K, committed 2816K, reserved 1048576K
GC Heap History (10 events):
Event: 1.645 GC heap before
{Heap before GC invocations=0 (full 0):
 garbage-first heap   total 65536K, used 16384K [0x00000000c1800000, 0x0000000100000000)
  region size 1024K, 14 young (14336K), 0 survivors (0K)
 Metaspace       used 12231K, capacity 12489K, committed 12544K, reserved 1060864K
  class space    used 1206K, capacity 1268K, committed 1280K, reserved 1048576K
}
Event: 1.653 GC heap after
{Heap after GC invocations=1 (full 0):
 garbage-first heap   total 65536K, used 4276K [0x00000000c1800000, 0x0000000100000000)
  region size 1024K, 2 young (2048K), 2 survivors (2048K)
 Metaspace       used 12231K, capacity 12489K, committed 12544K, reserved 1060864K
  class space    used 1206K, capacity 1268K, committed 1280K, reserved 1048576K
}
Event: 10.359 GC heap before
{Heap before GC invocations=1 (full 0):
 garbage-first heap   total 65536K, used 32948K [0x00000000c1800000, 0x0000000100000000)
  region size 1024K, 31 young (31744K), 2 survivors (2048K)
 Metaspace       used 20739K, capacity 21138K, committed 21248K, reserved 1069056K
  class space    used 2280K, capacity 2465K, committed 2560K, reserved 1048576K
}
Event: 10.376 GC heap after
{Heap after GC invocations=2 (full 0):
 garbage-first heap   total 65536K, used 7155K [0x00000000c1800000, 0x0000000100000000)
  region size 1024K, 5 young (5120K), 5 survivors (5120K)
 Metaspace       used 20739K, capacity 21138K, committed 21248K, reserved 1069056K
  class space    used 2280K, capacity 2465K, committed 2560K, reserved 1048576K
}
Event: 22.340 GC heap before
{Heap before GC invocations=3 (full 0):
 garbage-first heap   total 65536K, used 35827K [0x00000000c1800000, 0x0000000100000000)
  region size 1024K, 34 young (34816K), 5 survivors (5120K)
 Metaspace       used 23377K, capacity 23921K, committed 24064K, reserved 1071104K
  class space    used 2535K, capacity 2731K, committed 2816K, reserved 1048576K
}
Event: 22.355 GC heap after
{Heap after GC invocations=4 (full 0):
 garbage-first heap   total 65536K, used 8512K [0x00000000c1800000, 0x0000000100000000)
  region size 1024K, 2 young (2048K), 2 survivors (2048K)
 Metaspace       used 23377K, capacity 23921K, committed 24064K, reserved 1071104K
  class space    used 2535K, capacity 2731K, committed 2816K, reserved 1048576K
}
Event: 29.282 GC heap before
{Heap before GC invocations=4 (full 0):
 garbage-first heap   total 65536K, used 39232K [0x00000000c1800000, 0x0000000100000000)
  region size 1024K, 32 young (32768K), 2 survivors (2048K)
 Metaspace       used 23685K, capacity 24183K, committed 24320K, reserved 1071104K
  class space    used 2535K, capacity 2731K, committed 2816K, reserved 1048576K
}
Event: 29.285 GC heap after
{Heap after GC invocations=5 (full 0):
 garbage-first heap   total 65536K, used 8491K [0x00000000c1800000, 0x0000000100000000)
  region size 1024K, 2 young (2048K), 2 survivors (2048K)
 Metaspace       used 23685K, capacity 24183K, committed 24320K, reserved 1071104K
  class space    used 2535K, capacity 2731K, committed 2816K, reserved 1048576K
}
Event: 45.603 GC heap before
{Heap before GC invocations=5 (full 0):
 garbage-first heap   total 65536K, used 41259K [0x00000000c1800000, 0x0000000100000000)
  region size 1024K, 34 young (34816K), 2 survivors (2048K)
 Metaspace       used 23927K, capacity 24376K, committed 24576K, reserved 1071104K
  class space    used 2539K, capacity 2731K, committed 2816K, reserved 1048576K
}
Event: 45.606 GC heap after
{Heap after GC invocations=6 (full 0):
 garbage-first heap   total 65536K, used 8646K [0x00000000c1800000, 0x0000000100000000)
  region size 1024K, 2 young (2048K), 2 survivors (2048K)
 Metaspace       used 23927K, capacity 24376K, committed 24576K, reserved 1071104K
  class space    used 2539K, capacity 2731K, committed 2816K, reserved 1048576K
}

