# JRE version: Java(TM) SE Runtime Environment 18.9 (11.0.15.1+2) (build 11.0.15.1+2-LTS-10)
# Java VM: Java HotSpot(TM) 64-Bit Server VM 18.9 (11.0.15.1+2-LTS-10, mixed mode, tiered, compressed oops, g1 gc, windows-amd64)
Heap:
 garbage-first heap   total 65536K, used 18755K [0x00000000c1800000, 0x0000000100000000)
  region size 1024K, 13 young (13312K), 2 survivors (2048K)
 Metaspace       used 23608K, capacity 24128K, committed 24320K, reserved 1071104K
  class space    used 2505K, capacity 2712K, committed 2816K, reserved 1048576K
GC Heap History (8 events):
Event: 1.697 GC heap before
{Heap before GC invocations=0 (full 0):
 garbage-first heap   total 65536K, used 16384K [0x00000000c1800000, 0x0000000100000000)
  region size 1024K, 14 young (14336K), 0 survivors (0K)
 Metaspace       used 12217K, capacity 12425K, committed 12544K, reserved 1060864K
  class space    used 1206K, capacity 1268K, committed 1280K, reserved 1048576K
}
Event: 1.704 GC heap after
{Heap after GC invocations=1 (full 0):
 garbage-first heap   total 65536K, used 4275K [0x00000000c1800000, 0x0000000100000000)
  region size 1024K, 2 young (2048K), 2 survivors (2048K)
 Metaspace       used 12217K, capacity 12425K, committed 12544K, reserved 1060864K
  class space    used 1206K, capacity 1268K, committed 1280K, reserved 1048576K
}
Event: 8.912 GC heap before
{Heap before GC invocations=1 (full 0):
 garbage-first heap   total 65536K, used 31923K [0x00000000c1800000, 0x0000000100000000)
  region size 1024K, 30 young (30720K), 2 survivors (2048K)
 Metaspace       used 20750K, capacity 21141K, committed 21248K, reserved 1069056K
  class space    used 2273K, capacity 2466K, committed 2560K, reserved 1048576K
}
Event: 8.924 GC heap after
{Heap after GC invocations=2 (full 0):
 garbage-first heap   total 65536K, used 7239K [0x00000000c1800000, 0x0000000100000000)
  region size 1024K, 5 young (5120K), 5 survivors (5120K)
 Metaspace       used 20750K, capacity 21141K, committed 21248K, reserved 1069056K
  class space    used 2273K, capacity 2466K, committed 2560K, reserved 1048576K
}
Event: 18.196 GC heap before
{Heap before GC invocations=3 (full 0):
 garbage-first heap   total 65536K, used 36935K [0x00000000c1800000, 0x0000000100000000)
  region size 1024K, 34 young (34816K), 5 survivors (5120K)
 Metaspace       used 22336K, capacity 22763K, committed 22912K, reserved 1069056K
  class space    used 2407K, capacity 2600K, committed 2688K, reserved 1048576K
}
Event: 18.210 GC heap after
{Heap after GC invocations=4 (full 0):
 garbage-first heap   total 65536K, used 8026K [0x00000000c1800000, 0x0000000100000000)
  region size 1024K, 1 young (1024K), 1 survivors (1024K)
 Metaspace       used 22336K, capacity 22763K, committed 22912K, reserved 1069056K
  class space    used 2407K, capacity 2600K, committed 2688K, reserved 1048576K
}
Event: 31.535 GC heap before
{Heap before GC invocations=4 (full 0):
 garbage-first heap   total 65536K, used 39770K [0x00000000c1800000, 0x0000000100000000)
  region size 1024K, 32 young (32768K), 1 survivors (1024K)
 Metaspace       used 23471K, capacity 24000K, committed 24320K, reserved 1071104K
  class space    used 2504K, capacity 2712K, committed 2816K, reserved 1048576K
}
Event: 31.538 GC heap after
{Heap after GC invocations=5 (full 0):
 garbage-first heap   total 65536K, used 8515K [0x00000000c1800000, 0x0000000100000000)
  region size 1024K, 2 young (2048K), 2 survivors (2048K)
 Metaspace       used 23471K, capacity 24000K, committed 24320K, reserved 1071104K
  class space    used 2504K, capacity 2712K, committed 2816K, reserved 1048576K
}

